<?xml version="1.0" encoding="UTF-8"?>
<!-- Generated by org.testng.reporters.JUnitReportReporter -->
<testsuite hostname="RajuPC" failures="0" tests="1" name="com.CRM.VTiger1.OrganizationTest.CreateOranizationTest" time="13.120" errors="0" timestamp="2023-10-02T17:08:12 IST" skipped="0">
  <testcase classname="com.CRM.VTiger1.OrganizationTest.CreateOranizationTest" name="createOrganization" time="13.120">
    <system-out>
      <![CDATA[click on organization
click on lookup image
click on save button
validation passed]]>
    </system-out>
  </testcase> <!-- createOrganization -->
  <system-out>
    <![CDATA[click on organization
click on lookup image
click on save button
validation passed]]>
  </system-out>
</testsuite> <!-- com.CRM.VTiger1.OrganizationTest.CreateOranizationTest -->
