<?xml version="1.0" encoding="UTF-8"?>
<!-- Generated by org.testng.reporters.JUnitReportReporter -->
<testsuite hostname="RajuPC" failures="0" tests="2" name="com.CRM.VTiger1.OrganizationTest.CreateMultipleOrgTest" time="24.066" errors="0" timestamp="2023-10-02T16:37:58 IST" skipped="0">
  <testcase classname="com.CRM.VTiger1.OrganizationTest.CreateMultipleOrgTest" name="multipleOrg" time="12.126"/>
  <testcase classname="com.CRM.VTiger1.OrganizationTest.CreateMultipleOrgTest" name="multipleOrg" time="11.940"/>
</testsuite> <!-- com.CRM.VTiger1.OrganizationTest.CreateMultipleOrgTest -->
