<?xml version="1.0" encoding="UTF-8"?>
<!-- Generated by org.testng.reporters.JUnitReportReporter -->
<testsuite hostname="RajuPC" failures="0" tests="2" name="com.CRM.VTiger1.ContactTest.CreateContactTest" time="31.655" errors="0" timestamp="2023-10-02T16:17:02 IST" skipped="0">
  <testcase classname="com.CRM.VTiger1.ContactTest.CreateContactTest" name="contactTest" time="22.780"/>
  <testcase classname="com.CRM.VTiger1.ContactTest.CreateContactTest" name="create" time="8.875"/>
</testsuite> <!-- com.CRM.VTiger1.ContactTest.CreateContactTest -->
